<?xml version="1.0" encoding="UTF-8"?>
<!-- Generated by org.testng.reporters.JUnitReportReporter -->
<testsuite skipped="0" hostname="DESKTOP-MIP3BT8" name="a1_googleTest.A1_GoogleTest" tests="1" failures="0" timestamp="19 Jan 2023 18:23:11 GMT" time="15.200" errors="0">
  <testcase name="verifygooglepage" time="15.200" classname="a1_googleTest.A1_GoogleTest"/>
</testsuite> <!-- a1_googleTest.A1_GoogleTest -->
