<?xml version="1.0" encoding="UTF-8"?>
<!-- Generated by org.testng.reporters.JUnitReportReporter -->
<testsuite skipped="0" hostname="DESKTOP-MIP3BT8" name="a2_bingTest.A1_BingTest" tests="1" failures="0" timestamp="19 Jan 2023 18:23:11 GMT" time="6.226" errors="0">
  <testcase name="verifygooglepage" time="6.226" classname="a2_bingTest.A1_BingTest"/>
</testsuite> <!-- a2_bingTest.A1_BingTest -->
